# JRE version: OpenJDK Runtime Environment Temurin-21.0.5+11 (21.0.5+11) (build 21.0.5+11-LTS)
# Java VM: OpenJDK 64-Bit Server VM Temurin-21.0.5+11 (21.0.5+11-LTS, mixed mode, sharing, tiered, compressed oops, compressed class ptrs, g1 gc, windows-amd64)
GC Precious Log:
 CardTable entry size: 512
 Card Set container configuration: InlinePtr #cards 5 size 8 Array Of Cards #cards 12 size 40 Howl #buckets 4 coarsen threshold 1843 Howl Bitmap #cards 512 size 80 coarsen threshold 460 Card regions per heap region 1 cards per card region 2048
 CPUs: 20 total, 20 available
 Memory: 16044M
 Large Page Support: Disabled
 NUMA Support: Disabled
 Compressed Oops: Enabled (32-bit)
 Heap Region Size: 1M
 Heap Min Capacity: 8M
 Heap Initial Capacity: 252M
 Heap Max Capacity: 1G
 Pre-touch: Disabled
 Parallel Workers: 15
 Concurrent Workers: 4
 Concurrent Refinement Workers: 15
 Periodic GC: Disabled
Heap:
 garbage-first heap   total 157696K, used 98017K [0x00000000c0000000, 0x0000000100000000)
  region size 1024K, 7 young (7168K), 3 survivors (3072K)
 Metaspace       used 64934K, committed 66624K, reserved 1114112K
  class space    used 8744K, committed 9600K, reserved 1048576K
GC Heap History (20 events):
Event: 3.764 GC heap before
{Heap before GC invocations=9 (full 0):
 garbage-first heap   total 99328K, used 84319K [0x00000000c0000000, 0x0000000100000000)
  region size 1024K, 58 young (59392K), 3 survivors (3072K)
 Metaspace       used 42394K, committed 43648K, reserved 1114112K
  class space    used 5731K, committed 6336K, reserved 1048576K
}
Event: 3.768 GC heap after
{Heap after GC invocations=10 (full 0):
 garbage-first heap   total 99328K, used 35033K [0x00000000c0000000, 0x0000000100000000)
  region size 1024K, 8 young (8192K), 8 survivors (8192K)
 Metaspace       used 42394K, committed 43648K, reserved 1114112K
  class space    used 5731K, committed 6336K, reserved 1048576K
}
Event: 4.377 GC heap before
{Heap before GC invocations=10 (full 0):
 garbage-first heap   total 99328K, used 83161K [0x00000000c0000000, 0x0000000100000000)
  region size 1024K, 55 young (56320K), 8 survivors (8192K)
 Metaspace       used 47444K, committed 48832K, reserved 1114112K
  class space    used 6537K, committed 7232K, reserved 1048576K
}
Event: 4.381 GC heap after
{Heap after GC invocations=11 (full 0):
 garbage-first heap   total 99328K, used 37336K [0x00000000c0000000, 0x0000000100000000)
  region size 1024K, 4 young (4096K), 4 survivors (4096K)
 Metaspace       used 47444K, committed 48832K, reserved 1114112K
  class space    used 6537K, committed 7232K, reserved 1048576K
}
Event: 4.992 GC heap before
{Heap before GC invocations=11 (full 0):
 garbage-first heap   total 99328K, used 88536K [0x00000000c0000000, 0x0000000100000000)
  region size 1024K, 50 young (51200K), 4 survivors (4096K)
 Metaspace       used 52487K, committed 54016K, reserved 1114112K
  class space    used 7260K, committed 8064K, reserved 1048576K
}
Event: 4.996 GC heap after
{Heap after GC invocations=12 (full 0):
 garbage-first heap   total 99328K, used 41208K [0x00000000c0000000, 0x0000000100000000)
  region size 1024K, 7 young (7168K), 7 survivors (7168K)
 Metaspace       used 52487K, committed 54016K, reserved 1114112K
  class space    used 7260K, committed 8064K, reserved 1048576K
}
Event: 5.147 GC heap before
{Heap before GC invocations=12 (full 0):
 garbage-first heap   total 99328K, used 84216K [0x00000000c0000000, 0x0000000100000000)
  region size 1024K, 50 young (51200K), 7 survivors (7168K)
 Metaspace       used 52604K, committed 54144K, reserved 1114112K
  class space    used 7282K, committed 8064K, reserved 1048576K
}
Event: 5.153 GC heap after
{Heap after GC invocations=13 (full 0):
 garbage-first heap   total 100352K, used 48331K [0x00000000c0000000, 0x0000000100000000)
  region size 1024K, 7 young (7168K), 7 survivors (7168K)
 Metaspace       used 52604K, committed 54144K, reserved 1114112K
  class space    used 7282K, committed 8064K, reserved 1048576K
}
Event: 5.344 GC heap before
{Heap before GC invocations=13 (full 0):
 garbage-first heap   total 100352K, used 85195K [0x00000000c0000000, 0x0000000100000000)
  region size 1024K, 43 young (44032K), 7 survivors (7168K)
 Metaspace       used 52848K, committed 54400K, reserved 1114112K
  class space    used 7313K, committed 8128K, reserved 1048576K
}
Event: 5.352 GC heap after
{Heap after GC invocations=14 (full 0):
 garbage-first heap   total 103424K, used 57385K [0x00000000c0000000, 0x0000000100000000)
  region size 1024K, 6 young (6144K), 6 survivors (6144K)
 Metaspace       used 52848K, committed 54400K, reserved 1114112K
  class space    used 7313K, committed 8128K, reserved 1048576K
}
Event: 5.613 GC heap before
{Heap before GC invocations=14 (full 0):
 garbage-first heap   total 103424K, used 60457K [0x00000000c0000000, 0x0000000100000000)
  region size 1024K, 10 young (10240K), 6 survivors (6144K)
 Metaspace       used 54484K, committed 56064K, reserved 1114112K
  class space    used 7524K, committed 8320K, reserved 1048576K
}
Event: 5.617 GC heap after
{Heap after GC invocations=15 (full 0):
 garbage-first heap   total 126976K, used 59036K [0x00000000c0000000, 0x0000000100000000)
  region size 1024K, 1 young (1024K), 1 survivors (1024K)
 Metaspace       used 54484K, committed 56064K, reserved 1114112K
  class space    used 7524K, committed 8320K, reserved 1048576K
}
Event: 6.277 GC heap before
{Heap before GC invocations=16 (full 0):
 garbage-first heap   total 126976K, used 121500K [0x00000000c0000000, 0x0000000100000000)
  region size 1024K, 50 young (51200K), 1 survivors (1024K)
 Metaspace       used 60023K, committed 61568K, reserved 1114112K
  class space    used 8159K, committed 8960K, reserved 1048576K
}
Event: 6.282 GC heap after
{Heap after GC invocations=17 (full 0):
 garbage-first heap   total 137216K, used 80352K [0x00000000c0000000, 0x0000000100000000)
  region size 1024K, 7 young (7168K), 7 survivors (7168K)
 Metaspace       used 60023K, committed 61568K, reserved 1114112K
  class space    used 8159K, committed 8960K, reserved 1048576K
}
Event: 6.620 GC heap before
{Heap before GC invocations=17 (full 0):
 garbage-first heap   total 137216K, used 116192K [0x00000000c0000000, 0x0000000100000000)
  region size 1024K, 41 young (41984K), 7 survivors (7168K)
 Metaspace       used 60738K, committed 62336K, reserved 1114112K
  class space    used 8232K, committed 9024K, reserved 1048576K
}
Event: 6.624 GC heap after
{Heap after GC invocations=18 (full 0):
 garbage-first heap   total 137216K, used 90234K [0x00000000c0000000, 0x0000000100000000)
  region size 1024K, 6 young (6144K), 6 survivors (6144K)
 Metaspace       used 60738K, committed 62336K, reserved 1114112K
  class space    used 8232K, committed 9024K, reserved 1048576K
}
Event: 7.005 GC heap before
{Heap before GC invocations=18 (full 0):
 garbage-first heap   total 137216K, used 118906K [0x00000000c0000000, 0x0000000100000000)
  region size 1024K, 34 young (34816K), 6 survivors (6144K)
 Metaspace       used 62712K, committed 64320K, reserved 1114112K
  class space    used 8484K, committed 9280K, reserved 1048576K
}
Event: 7.010 GC heap after
{Heap after GC invocations=19 (full 0):
 garbage-first heap   total 137216K, used 93730K [0x00000000c0000000, 0x0000000100000000)
  region size 1024K, 5 young (5120K), 5 survivors (5120K)
 Metaspace       used 62712K, committed 64320K, reserved 1114112K
  class space    used 8484K, committed 9280K, reserved 1048576K
}
Event: 7.438 GC heap before
{Heap before GC invocations=20 (full 0):
 garbage-first heap   total 157696K, used 118306K [0x00000000c0000000, 0x0000000100000000)
  region size 1024K, 30 young (30720K), 5 survivors (5120K)
 Metaspace       used 64600K, committed 66240K, reserved 1114112K
  class space    used 8716K, committed 9536K, reserved 1048576K
}
Event: 7.441 GC heap after
{Heap after GC invocations=21 (full 0):
 garbage-first heap   total 157696K, used 94945K [0x00000000c0000000, 0x0000000100000000)
  region size 1024K, 3 young (3072K), 3 survivors (3072K)
 Metaspace       used 64600K, committed 66240K, reserved 1114112K
  class space    used 8716K, committed 9536K, reserved 1048576K
}

